[Message:   BepInEx] BepInEx 5.4.9.0 - Risk of Rain 2
[Info   :   BepInEx] Running under Unity v2018.4.16.15133130
[Info   :   BepInEx] CLR runtime version: 4.0.30319.17020
[Info   :   BepInEx] Supports SRE: False
[Info   :   BepInEx] System platform: Bits64, Windows
[Message:   BepInEx] Preloader started
[Info   :   BepInEx] 1 patcher plugin loaded
[Info   :   BepInEx] Patching [UnityEngine.CoreModule] with [BepInEx.Chainloader]
[Message:   BepInEx] Preloader finished
[Message:   BepInEx] Chainloader ready
[Message:   BepInEx] Chainloader started
[Info   :   BepInEx] 0 plugins to load
[Message:   BepInEx] Chainloader startup complete
[Warning: Unity Log] Network message MsgType.Highest + 22 is unregistered.
[Info   :   Console] Facepunch.Steamworks Unity: WindowsPlayer
[Info   : Unity Log] Facepunch.Steamworks Unity: WindowsPlayer

[Info   :   Console] Facepunch.Steamworks Os: Windows
[Info   : Unity Log] Facepunch.Steamworks Os: Windows

[Info   :   Console] Facepunch.Steamworks Arch: x64
[Info   : Unity Log] Facepunch.Steamworks Arch: x64

[Info   :   Console] Searching for compatible XInput library...
[Info   : Unity Log] Searching for compatible XInput library...

[Info   :   Console] Found Xinput1_4.dll.
[Info   : Unity Log] Found Xinput1_4.dll.

[Info   : Unity Log] Initializing Mod System...
[Info   : Unity Log] Mod System initialized.
[Info   : Unity Log] WwiseUnity: Sound engine initialized successfully.
[Info   : Unity Log] Launch Parameters: 
  arg[0]="C:\Program Files (x86)\Steam\steamapps\common\Risk of Rain 2\Risk of Rain 2.exe"
  arg[1]="--doorstop-enable"
  arg[2]="true"
  arg[3]="--doorstop-target"
  arg[4]="C:/Users/aweso/StageTesting/ThunderKit/BepInExPack/BepInEx/core/BepInEx.Preloader.dll"
  arg[5]="--LoadGameMode=Test"

[Info   : Unity Log] Loaded archived convars.
[Info   : Unity Log] Could not load config /Config/autoexec.cfg: Could not find file "C:\Program Files (x86)\Steam\steamapps\common\Risk of Rain 2\Risk of Rain 2_Data\Config\autoexec.cfg"
[Info   : Unity Log] LoadContentPacks() start
[Info   : Unity Log] Active scene changed from  to loadingbasic
[Info   : Unity Log] Loaded scene loadingbasic loadSceneMode=2
[Info   : Unity Log] LoadContentPacks() end
[Info   : Unity Log] Game content load completed in 9117ms.
[Info   : Unity Log] [RoR2.EntityStateCatalog] ApplyEntityStateConfiguration(EntityStates.MoonElevator.ReturnToBase (RoR2.EntityStateConfiguration)) failed: state type is null.
[Info   : Unity Log] [RoR2.EntityStateCatalog] ApplyEntityStateConfiguration(EntityStates.MoonElevator.TravelToEnd (RoR2.EntityStateConfiguration)) failed: state type is null.
[Info   : Unity Log] [RoR2.EntityStateCatalog] ApplyEntityStateConfiguration(EntityStates.MoonElevator.WaitAtTop (RoR2.EntityStateConfiguration)) failed: state type is null.
[Info   : Unity Log] [RoR2.Language] Setting current language to "en"
[Info   : Unity Log] Attempting to load user profile /UserProfiles/2312aaa7-864f-4a46-a968-be206f8ef18e.xml
[Info   : Unity Log] stream.Length=155999
[Info   : Unity Log] Attempting to load user profile /UserProfiles/74b020f5-1a48-4842-99b6-f96c90d02e26.xml
[Info   : Unity Log] stream.Length=111891
[Info   : Unity Log] Unloaded scene loadingbasic
[Info   : Unity Log] Active scene changed from  to splash
[Info   : Unity Log] Loaded scene splash loadSceneMode=Single
[Info   : Unity Log] Setting offline scene to intro
[Info   : Unity Log] Unloaded scene splash
[Info   : Unity Log] Active scene changed from  to intro
[Info   : Unity Log] Loaded scene intro loadSceneMode=Single
[Info   : Unity Log] Setting offline scene to title
[Info   : Unity Log] Setting offline scene to title
[Info   : Unity Log] Setting offline scene to title
[Info   : Unity Log] Unloaded scene intro
[Info   : Unity Log] Active scene changed from  to title
[Info   : Unity Log] Loaded scene title loadSceneMode=Single
[Info   : Unity Log] Unloaded scene title
[Info   : Unity Log] Active scene changed from  to title
[Info   : Unity Log] Loaded scene title loadSceneMode=Single
[Info   : Unity Log] Unloaded scene title
[Info   : Unity Log] Active scene changed from  to title
[Info   : Unity Log] Loaded scene title loadSceneMode=Single
